{"method":"GET","url":"/api/v1/vibes/123","time":"2025-06-21T06:39:33.576Z","status":404,"duration":"6ms"}
{"method":"GET","url":"/api/v1/vibes/123","time":"2025-06-21T06:40:37.425Z","status":404,"duration":"3ms"}
{"method":"GET","url":"/api/v1/vibes/123","time":"2025-06-21T06:46:05.901Z","status":404,"duration":"2ms"}
{"method":"GET","url":"/api/v1/vibes/123","time":"2025-06-21T06:49:07.492Z","status":404,"duration":"9ms"}
{"method":"GET","url":"/api/v1/vibes/123","time":"2025-06-21T06:49:07.697Z","status":404,"duration":"2ms"}
{"method":"GET","url":"/api/v1/vibes/123","time":"2025-06-21T06:49:11.288Z","status":404,"duration":"1ms"}
{"method":"GET","url":"/api/v1/vibes/123","time":"2025-06-21T06:49:13.123Z","status":404,"duration":"2ms"}
{"method":"GET","url":"/api/v1/vibes/123","time":"2025-06-21T06:49:55.942Z","status":404,"duration":"10ms"}
{"method":"GET","url":"/.well-known/appspecific/com.chrome.devtools.json","time":"2025-06-21T06:51:41.141Z","status":404,"duration":"3ms"}
{"method":"GET","url":"/api/v1/vibes/123","time":"2025-06-21T06:52:45.252Z","status":404,"duration":"9ms"}
{"method":"GET","url":"/api/v1/vibes/123","time":"2025-06-21T06:52:50.060Z","status":404,"duration":"2ms"}
{"method":"GET","url":"/api/v1/vibes/123","time":"2025-06-21T06:52:54.598Z","status":404,"duration":"2ms"}
{"method":"GET","url":"/api/v1/vibes/123","time":"2025-06-21T06:53:01.443Z","status":404,"duration":"2ms"}
{"method":"GET","url":"/api/v1/vibes/123","time":"2025-06-21T06:55:31.426Z","status":404,"duration":"8ms"}
{"method":"GET","url":"/api/v1/vibes/123","time":"2025-06-21T06:55:34.141Z","status":404,"duration":"2ms"}
{"method":"GET","url":"/api/v1/vibes/123","time":"2025-06-21T06:59:02.486Z","status":404,"duration":"10ms"}
{"method":"GET","url":"/api/v1/vibes/123","time":"2025-06-21T06:59:03.758Z","status":404,"duration":"1ms"}
{"method":"GET","url":"/api/v1/vibes/123","time":"2025-06-21T06:59:07.780Z","status":404,"duration":"1ms"}
{"method":"GET","url":"/api/v1/vibes/123","time":"2025-06-21T07:00:19.050Z","status":404,"duration":"9ms"}
{"method":"GET","url":"/api/v1/vibes/123","time":"2025-06-21T07:00:20.004Z","status":404,"duration":"2ms"}
{"method":"GET","url":"/api/v1/vibes/123","time":"2025-06-21T07:00:24.190Z","status":404,"duration":"2ms"}
{"method":"GET","url":"/api/v1/vibes/1234567890abcdef12345678","time":"2025-06-21T07:01:50.892Z","status":404,"duration":"2ms"}
{"method":"GET","url":"/api/v1/vibes/1234567890abcdef12345678","time":"2025-06-21T07:10:47.396Z","status":401,"duration":"10ms"}
{"method":"GET","url":"/favicon.ico","time":"2025-06-21T07:10:47.431Z","status":404,"duration":"3ms"}
{"method":"GET","url":"/api/v1/vibes/123","time":"2025-06-21T07:10:54.459Z","status":400,"duration":"27ms"}
{"method":"GET","url":"/api/v1/vibes","time":"2025-06-21T13:22:06.784Z","status":401,"duration":"21ms"}
{"method":"POST","url":"/api/v1/auth/login","time":"2025-06-21T13:22:15.261Z","status":200,"duration":"399ms"}
{"method":"GET","url":"/api/v1/vibes","time":"2025-06-21T13:22:26.699Z","status":500,"duration":"7ms"}
{"method":"GET","url":"/api/v1/vibes","time":"2025-06-21T13:22:50.151Z","status":500,"duration":"9ms"}
{"method":"GET","url":"/api/v1/vibes","time":"2025-06-21T13:24:22.823Z","status":200,"duration":"131ms"}
{"method":"POST","url":"/api/v1/auth/signup","time":"2025-06-22T17:10:57.236Z","status":201,"duration":"327ms"}
{"method":"POST","url":"/api/v1/auth/login","time":"2025-06-22T17:16:44.539Z","status":200,"duration":"168ms"}
